<?xml version="1.0" encoding="UTF-8"?>
<!-- Generated by org.testng.reporters.JUnitXMLReporter -->
<testsuite hostname="INCNU4289RXM" ignored="0" name="Command line test" tests="2" failures="0" timestamp="04 Oct 2018 16:40:19 GMT" time="6.461" errors="0">
  <testcase name="getUserDetailswithCorrectIdTest" time="4.306" classname="com.qa.tests.UserInfoTest"/>
  <testcase name="getUserDetailswithCorrectIdTest" time="0.777" classname="com.qa.tests.UserInfoTest"/>
</testsuite> <!-- Command line test -->
